#
# There is insufficient memory for the Java Runtime Environment to continue.
# Native memory allocation (malloc) failed to allocate 1048576 bytes. Error detail: AllocateHeap
# Possible reasons:
#   The system is out of physical RAM or swap space
#   This process is running with CompressedOops enabled, and the Java Heap may be blocking the growth of the native heap
# Possible solutions:
#   Reduce memory load on the system
#   Increase physical memory or swap space
#   Check if swap backing store is full
#   Decrease Java heap size (-Xmx/-Xms)
#   Decrease number of Java threads
#   Decrease Java thread stack sizes (-Xss)
#   Set larger code cache with -XX:ReservedCodeCacheSize=
#   JVM is running with Unscaled Compressed Oops mode in which the Java heap is
#     placed in the first 4GB address space. The Java Heap base address is the
#     maximum limit for the native heap growth. Please use -XX:HeapBaseMinAddress
#     to set the Java Heap base and to place the Java Heap above 4GB virtual address.
# This output file may be truncated or incomplete.
#
#  Out of Memory Error (allocation.cpp:44), pid=20788, tid=19532
#
# JRE version:  (21.0.8+9) (build )
# Java VM: OpenJDK 64-Bit Server VM (21.0.8+9-LTS, mixed mode, sharing, tiered, compressed oops, compressed class ptrs, parallel gc, windows-amd64)
# No core dump will be written. Minidumps are not enabled by default on client versions of Windows
#

---------------  S U M M A R Y ------------

Command Line: --add-modules=ALL-SYSTEM --add-opens=java.base/java.util=ALL-UNNAMED --add-opens=java.base/java.lang=ALL-UNNAMED --add-opens=java.base/sun.nio.fs=ALL-UNNAMED -Declipse.application=org.eclipse.jdt.ls.core.id1 -Dosgi.bundles.defaultStartLevel=4 -Declipse.product=org.eclipse.jdt.ls.core.product -Djava.import.generatesMetadataFilesAtProjectRoot=false -DDetectVMInstallationsJob.disabled=true -Dfile.encoding=utf8 -XX:+UseParallelGC -XX:GCTimeRatio=4 -XX:AdaptiveSizePolicyWeight=90 -Dsun.zip.disableMemoryMapping=true -Xmx2G -Xms100m -Xlog:disable -javaagent:c:\Users\PLUSKH01\.vscode\extensions\redhat.java-1.47.0-win32-x64\lombok\lombok-1.18.39-4050.jar -XX:+HeapDumpOnOutOfMemoryError -XX:HeapDumpPath=c:\Users\PLUSKH01\AppData\Roaming\Code\User\workspaceStorage\34300a189b24df39c6243d7dcbe805e9\redhat.java -Daether.dependencyCollector.impl=bf c:\Users\PLUSKH01\.vscode\extensions\redhat.java-1.47.0-win32-x64\server\plugins\org.eclipse.equinox.launcher_1.7.100.v20251014-1222.jar -configuration c:\Users\PLUSKH01\AppData\Roaming\Code\User\globalStorage\redhat.java\1.47.0\config_win -data c:\Users\PLUSKH01\AppData\Roaming\Code\User\workspaceStorage\34300a189b24df39c6243d7dcbe805e9\redhat.java\jdt_ws --pipe=\\.\pipe\lsp-ceaf7f7875716d2402bb1a51cff838ea-sock

Host: 12th Gen Intel(R) Core(TM) i5-1235U, 12 cores, 15G,  Windows 11 , 64 bit Build 26100 (10.0.26100.5074)
Time: Tue Nov 11 09:08:58 2025 Mountain Standard Time elapsed time: 0.242077 seconds (0d 0h 0m 0s)

---------------  T H R E A D  ---------------

Current thread (0x0000016e4ef3cad0):  JavaThread "Unknown thread" [_thread_in_vm, id=19532, stack(0x0000005363b00000,0x0000005363c00000) (1024K)]

Stack: [0x0000005363b00000,0x0000005363c00000]
Native frames: (J=compiled Java code, j=interpreted, Vv=VM code, C=native code)
V  [jvm.dll+0x6d2449]
V  [jvm.dll+0x8ae341]
V  [jvm.dll+0x8b08be]
V  [jvm.dll+0x8b0fa3]
V  [jvm.dll+0x280c96]
V  [jvm.dll+0xc0347]
V  [jvm.dll+0x706372]
V  [jvm.dll+0x7070ac]
V  [jvm.dll+0x6e0f43]
V  [jvm.dll+0x877c7c]
V  [jvm.dll+0x3becec]
V  [jvm.dll+0x8606d8]
V  [jvm.dll+0x4530ee]
V  [jvm.dll+0x454d31]
C  [jli.dll+0x5278]
C  [ucrtbase.dll+0x37b0]
C  [KERNEL32.DLL+0x2e8d7]
C  [ntdll.dll+0x8d9c]


---------------  P R O C E S S  ---------------

Threads class SMR info:
_java_thread_list=0x0000016e4ef668d0, length=1, elements={
0x0000016e4ef3cad0
}

Java Threads: ( => current thread )
=>0x0000016e4ef3cad0 JavaThread "Unknown thread"             [_thread_in_vm, id=19532, stack(0x0000005363b00000,0x0000005363c00000) (1024K)]
Total: 1

Other Threads:
  0x0000016e4edcca00 WatcherThread "VM Periodic Task Thread"        [id=17056, stack(0x0000005363d00000,0x0000005363e00000) (1024K)]
  0x0000016e4ef5b0a0 WorkerThread "GC Thread#0"                     [id=12316, stack(0x0000005363c00000,0x0000005363d00000) (1024K)]
Total: 2

Threads with active compile tasks:
Total: 0

VM state: not at safepoint (normal execution)

VM Mutex/Monitor currently owned by a thread: None

Heap address: 0x0000000080000000, size: 2048 MB, Compressed Oops mode: 32-bit

CDS archive(s) mapped at: [0x0000016e00000000-0x0000016e00ba0000-0x0000016e00ba0000), size 12189696, SharedBaseAddress: 0x0000016e00000000, ArchiveRelocationMode: 1.
Compressed class space mapped at: 0x0000016e01000000-0x0000016e41000000, reserved size: 1073741824
Narrow klass base: 0x0000016e00000000, Narrow klass shift: 0, Narrow klass range: 0x100000000

GC Precious Log:
 CardTable entry size: 512
 CPUs: 12 total, 12 available
 Memory: 16016M
 Large Page Support: Disabled
 NUMA Support: Disabled
 Compressed Oops: Enabled (32-bit)
 Alignments: Space 512K, Generation 512K, Heap 2M
 Heap Min Capacity: 100M
 Heap Initial Capacity: 100M
 Heap Max Capacity: 2G
 Pre-touch: Disabled
 Parallel Workers: 10

Heap:
 PSYoungGen      total 29696K, used 512K [0x00000000d5580000, 0x00000000d7680000, 0x0000000100000000)
  eden space 25600K, 2% used [0x00000000d5580000,0x00000000d5600020,0x00000000d6e80000)
  from space 4096K, 0% used [0x00000000d7280000,0x00000000d7280000,0x00000000d7680000)
  to   space 4096K, 0% used [0x00000000d6e80000,0x00000000d6e80000,0x00000000d7280000)
 ParOldGen       total 68608K, used 0K [0x0000000080000000, 0x0000000084300000, 0x00000000d5580000)
  object space 68608K, 0% used [0x0000000080000000,0x0000000080000000,0x0000000084300000)
 Metaspace       used 0K, committed 0K, reserved 1048576K
  class space    used 0K, committed 0K, reserved 1048576K

Card table byte_map: [0x0000016e4e8e0000,0x0000016e4ecf0000] _byte_map_base: 0x0000016e4e4e0000

Marking Bits: (ParMarkBitMap*) 0x00007ffdfb5ba340
 Begin Bits: [0x0000016e613e0000, 0x0000016e633e0000)
 End Bits:   [0x0000016e633e0000, 0x0000016e653e0000)

Polling page: 0x0000016e4cd60000

Metaspace:

Usage:
  Non-class:      0 bytes used.
      Class:      0 bytes used.
       Both:      0 bytes used.

Virtual space:
  Non-class space:        0 bytes reserved,       0 bytes (  ?%) committed,  0 nodes.
      Class space:        1.00 GB reserved,       0 bytes (  0%) committed,  1 nodes.
             Both:        1.00 GB reserved,       0 bytes (  0%) committed. 

Chunk freelists:
   Non-Class:  0 bytes
       Class:  16.00 MB
        Both:  16.00 MB

MaxMetaspaceSize: unlimited
CompressedClassSpaceSize: 1.00 GB
Initial GC threshold: 21.00 MB
Current GC threshold: 17179869184.00 GB
CDS: on
 - commit_granule_bytes: 65536.
 - commit_granule_words: 8192.
 - virtual_space_node_default_size: 8388608.
 - enlarge_chunks_in_place: 1.
 - use_allocation_guard: 0.


Internal statistics:

num_allocs_failed_limit: 0.
num_arena_births: 0.
num_arena_deaths: 0.
num_vsnodes_births: 1.
num_vsnodes_deaths: 0.
num_space_committed: 0.
num_space_uncommitted: 0.
num_chunks_returned_to_freelist: 0.
num_chunks_taken_from_freelist: 1.
num_chunk_merges: 0.
num_chunk_splits: 1.
num_chunks_enlarged: 0.
num_inconsistent_stats: 0.

CodeHeap 'non-profiled nmethods': size=120000Kb used=0Kb max_used=0Kb free=120000Kb
 bounds [0x0000016e59c00000, 0x0000016e59e70000, 0x0000016e61130000]
CodeHeap 'profiled nmethods': size=120000Kb used=0Kb max_used=0Kb free=120000Kb
 bounds [0x0000016e52130000, 0x0000016e523a0000, 0x0000016e59660000]
CodeHeap 'non-nmethods': size=5760Kb used=194Kb max_used=342Kb free=5565Kb
 bounds [0x0000016e59660000, 0x0000016e598d0000, 0x0000016e59c00000]
CodeCache: size=245760Kb, used=194Kb, max_used=342Kb, free=245565Kb
 total_blobs=70, nmethods=0, adapters=48, full_count=0
Compilation: enabled, stopped_count=0, restarted_count=0

Compilation events (0 events):
No events

GC Heap History (0 events):
No events

Dll operation events (1 events):
Event: 0.099 Loaded shared library c:\Users\PLUSKH01\.vscode\extensions\redhat.java-1.47.0-win32-x64\jre\21.0.8-win32-x86_64\bin\java.dll

Deoptimization events (0 events):
No events

Classes loaded (0 events):
No events

Classes unloaded (0 events):
No events

Classes redefined (0 events):
No events

Internal exceptions (0 events):
No events

ZGC Phase Switch (0 events):
No events

VM Operations (0 events):
No events

Memory protections (0 events):
No events

Nmethod flushes (0 events):
No events

Events (1 events):
Event: 0.169 Thread 0x0000016e4ef3cad0 Thread added: 0x0000016e4ef3cad0


Dynamic libraries:
0x00007ff7e9cb0000 - 0x00007ff7e9cbe000 	c:\Users\PLUSKH01\.vscode\extensions\redhat.java-1.47.0-win32-x64\jre\21.0.8-win32-x86_64\bin\java.exe
0x00007ffe964e0000 - 0x00007ffe96749000 	C:\WINDOWS\SYSTEM32\ntdll.dll
0x00007ffe962a0000 - 0x00007ffe96369000 	C:\WINDOWS\System32\KERNEL32.DLL
0x00007ffe93ab0000 - 0x00007ffe93ea3000 	C:\WINDOWS\System32\KERNELBASE.dll
0x00007ffe93eb0000 - 0x00007ffe93ffb000 	C:\WINDOWS\System32\ucrtbase.dll
0x00007ffe82930000 - 0x00007ffe82948000 	c:\Users\PLUSKH01\.vscode\extensions\redhat.java-1.47.0-win32-x64\jre\21.0.8-win32-x86_64\bin\jli.dll
0x00007ffe82760000 - 0x00007ffe8277e000 	c:\Users\PLUSKH01\.vscode\extensions\redhat.java-1.47.0-win32-x64\jre\21.0.8-win32-x86_64\bin\VCRUNTIME140.dll
0x00007ffe95710000 - 0x00007ffe958d4000 	C:\WINDOWS\System32\USER32.dll
0x00007ffe6bb80000 - 0x00007ffe6be13000 	C:\WINDOWS\WinSxS\amd64_microsoft.windows.common-controls_6595b64144ccf1df_6.0.26100.5074_none_3e0d6f78e32fd63f\COMCTL32.dll
0x00007ffe940a0000 - 0x00007ffe940c7000 	C:\WINDOWS\System32\win32u.dll
0x00007ffe96470000 - 0x00007ffe9649b000 	C:\WINDOWS\System32\GDI32.dll
0x00007ffe95bc0000 - 0x00007ffe95c69000 	C:\WINDOWS\System32\msvcrt.dll
0x00007ffe940d0000 - 0x00007ffe941fd000 	C:\WINDOWS\System32\gdi32full.dll
0x00007ffe94200000 - 0x00007ffe942a3000 	C:\WINDOWS\System32\msvcp_win.dll
0x00007ffe95a80000 - 0x00007ffe95aaf000 	C:\WINDOWS\System32\IMM32.DLL
0x00007ffe8de00000 - 0x00007ffe8de0c000 	c:\Users\PLUSKH01\.vscode\extensions\redhat.java-1.47.0-win32-x64\jre\21.0.8-win32-x86_64\bin\vcruntime140_1.dll
0x00007ffe6e440000 - 0x00007ffe6e4cd000 	c:\Users\PLUSKH01\.vscode\extensions\redhat.java-1.47.0-win32-x64\jre\21.0.8-win32-x86_64\bin\msvcp140.dll
0x00007ffdfa900000 - 0x00007ffdfb697000 	c:\Users\PLUSKH01\.vscode\extensions\redhat.java-1.47.0-win32-x64\jre\21.0.8-win32-x86_64\bin\server\jvm.dll
0x00007ffe95650000 - 0x00007ffe95704000 	C:\WINDOWS\System32\ADVAPI32.dll
0x00007ffe96110000 - 0x00007ffe961b6000 	C:\WINDOWS\System32\sechost.dll
0x00007ffe94850000 - 0x00007ffe94968000 	C:\WINDOWS\System32\RPCRT4.dll
0x00007ffe95f40000 - 0x00007ffe95fb4000 	C:\WINDOWS\System32\WS2_32.dll
0x00007ffe934f0000 - 0x00007ffe9354e000 	C:\WINDOWS\SYSTEM32\POWRPROF.dll
0x00007ffe88ed0000 - 0x00007ffe88edb000 	C:\WINDOWS\SYSTEM32\VERSION.dll
0x00007ffe8c6e0000 - 0x00007ffe8c715000 	C:\WINDOWS\SYSTEM32\WINMM.dll
0x00007ffe934d0000 - 0x00007ffe934e4000 	C:\WINDOWS\SYSTEM32\UMPDC.dll
0x00007ffe922e0000 - 0x00007ffe922fb000 	C:\WINDOWS\SYSTEM32\kernel.appcore.dll
0x00007ffe8d760000 - 0x00007ffe8d76a000 	c:\Users\PLUSKH01\.vscode\extensions\redhat.java-1.47.0-win32-x64\jre\21.0.8-win32-x86_64\bin\jimage.dll
0x00007ffe906c0000 - 0x00007ffe90902000 	C:\WINDOWS\SYSTEM32\DBGHELP.DLL
0x00007ffe942c0000 - 0x00007ffe9463b000 	C:\WINDOWS\System32\combase.dll
0x00007ffe961c0000 - 0x00007ffe96297000 	C:\WINDOWS\System32\OLEAUT32.dll
0x00007ffe78070000 - 0x00007ffe780ad000 	C:\WINDOWS\SYSTEM32\dbgcore.DLL
0x00007ffe94000000 - 0x00007ffe94099000 	C:\WINDOWS\System32\bcryptPrimitives.dll
0x00007ffe8ae30000 - 0x00007ffe8ae3f000 	c:\Users\PLUSKH01\.vscode\extensions\redhat.java-1.47.0-win32-x64\jre\21.0.8-win32-x86_64\bin\instrument.dll
0x00007ffe826d0000 - 0x00007ffe826ef000 	c:\Users\PLUSKH01\.vscode\extensions\redhat.java-1.47.0-win32-x64\jre\21.0.8-win32-x86_64\bin\java.dll

JVMTI agents:
c:\Users\PLUSKH01\.vscode\extensions\redhat.java-1.47.0-win32-x64\lombok\lombok-1.18.39-4050.jar path:none, loaded, not initialized, instrumentlib options:none

dbghelp: loaded successfully - version: 4.0.5 - missing functions: none
symbol engine: initialized successfully - sym options: 0x614 - pdb path: .;c:\Users\PLUSKH01\.vscode\extensions\redhat.java-1.47.0-win32-x64\jre\21.0.8-win32-x86_64\bin;C:\WINDOWS\SYSTEM32;C:\WINDOWS\WinSxS\amd64_microsoft.windows.common-controls_6595b64144ccf1df_6.0.26100.5074_none_3e0d6f78e32fd63f;c:\Users\PLUSKH01\.vscode\extensions\redhat.java-1.47.0-win32-x64\jre\21.0.8-win32-x86_64\bin\server

VM Arguments:
jvm_args: --add-modules=ALL-SYSTEM --add-opens=java.base/java.util=ALL-UNNAMED --add-opens=java.base/java.lang=ALL-UNNAMED --add-opens=java.base/sun.nio.fs=ALL-UNNAMED -Declipse.application=org.eclipse.jdt.ls.core.id1 -Dosgi.bundles.defaultStartLevel=4 -Declipse.product=org.eclipse.jdt.ls.core.product -Djava.import.generatesMetadataFilesAtProjectRoot=false -DDetectVMInstallationsJob.disabled=true -Dfile.encoding=utf8 -XX:+UseParallelGC -XX:GCTimeRatio=4 -XX:AdaptiveSizePolicyWeight=90 -Dsun.zip.disableMemoryMapping=true -Xmx2G -Xms100m -Xlog:disable -javaagent:c:\Users\PLUSKH01\.vscode\extensions\redhat.java-1.47.0-win32-x64\lombok\lombok-1.18.39-4050.jar -XX:+HeapDumpOnOutOfMemoryError -XX:HeapDumpPath=c:\Users\PLUSKH01\AppData\Roaming\Code\User\workspaceStorage\34300a189b24df39c6243d7dcbe805e9\redhat.java -Daether.dependencyCollector.impl=bf 
java_command: c:\Users\PLUSKH01\.vscode\extensions\redhat.java-1.47.0-win32-x64\server\plugins\org.eclipse.equinox.launcher_1.7.100.v20251014-1222.jar -configuration c:\Users\PLUSKH01\AppData\Roaming\Code\User\globalStorage\redhat.java\1.47.0\config_win -data c:\Users\PLUSKH01\AppData\Roaming\Code\User\workspaceStorage\34300a189b24df39c6243d7dcbe805e9\redhat.java\jdt_ws --pipe=\\.\pipe\lsp-ceaf7f7875716d2402bb1a51cff838ea-sock
java_class_path (initial): c:\Users\PLUSKH01\.vscode\extensions\redhat.java-1.47.0-win32-x64\server\plugins\org.eclipse.equinox.launcher_1.7.100.v20251014-1222.jar
Launcher Type: SUN_STANDARD

[Global flags]
    uintx AdaptiveSizePolicyWeight                 = 90                                        {product} {command line}
     intx CICompilerCount                          = 4                                         {product} {ergonomic}
    uintx GCTimeRatio                              = 4                                         {product} {command line}
     bool HeapDumpOnOutOfMemoryError               = true                                   {manageable} {command line}
    ccstr HeapDumpPath                             = c:\Users\PLUSKH01\AppData\Roaming\Code\User\workspaceStorage\34300a189b24df39c6243d7dcbe805e9\redhat.java         {manageable} {command line}
   size_t InitialHeapSize                          = 104857600                                 {product} {command line}
   size_t MaxHeapSize                              = 2147483648                                {product} {command line}
   size_t MaxNewSize                               = 715653120                                 {product} {ergonomic}
   size_t MinHeapDeltaBytes                        = 524288                                    {product} {ergonomic}
   size_t MinHeapSize                              = 104857600                                 {product} {command line}
   size_t NewSize                                  = 34603008                                  {product} {ergonomic}
    uintx NonNMethodCodeHeapSize                   = 5839372                                {pd product} {ergonomic}
    uintx NonProfiledCodeHeapSize                  = 122909434                              {pd product} {ergonomic}
   size_t OldSize                                  = 70254592                                  {product} {ergonomic}
    uintx ProfiledCodeHeapSize                     = 122909434                              {pd product} {ergonomic}
    uintx ReservedCodeCacheSize                    = 251658240                              {pd product} {ergonomic}
     bool SegmentedCodeCache                       = true                                      {product} {ergonomic}
   size_t SoftMaxHeapSize                          = 2147483648                             {manageable} {ergonomic}
     bool UseCompressedOops                        = true                           {product lp64_product} {ergonomic}
     bool UseLargePagesIndividualAllocation        = false                                  {pd product} {ergonomic}
     bool UseParallelGC                            = true                                      {product} {command line}

Logging:
Log output configuration:
 #0: stdout all=off uptime,level,tags foldmultilines=false
 #1: stderr all=off uptime,level,tags foldmultilines=false

Environment Variables:
PATH=C:\Program Files\Common Files\Oracle\Java\javapath;C:\WINDOWS\system32;C:\WINDOWS;C:\WINDOWS\System32\Wbem;C:\WINDOWS\System32\WindowsPowerShell\v1.0\;C:\WINDOWS\System32\OpenSSH\;C:\Program Files\Git\cmd;C:\Program Files\GitHub CLI\;C:\Program Files (x86)\FamilyZone\MobileZoneAgent\bin\gstreamer\mingw_x86_64\bin;C:\Users\PLUSKH01\AppData\Local\Microsoft\WindowsApps;;C:\Users\PLUSKH01\AppData\Local\Programs\Microsoft VS Code\bin
USERNAME=PLUSKH01
OS=Windows_NT
PROCESSOR_IDENTIFIER=Intel64 Family 6 Model 154 Stepping 4, GenuineIntel
TMP=C:\Users\PLUSKH01\AppData\Local\Temp
TEMP=C:\Users\PLUSKH01\AppData\Local\Temp




Periodic native trim disabled

---------------  S Y S T E M  ---------------

OS:
 Windows 11 , 64 bit Build 26100 (10.0.26100.5074)
OS uptime: 2 days 23:42 hours
Hyper-V role detected

CPU: total 12 (initial active 12) (6 cores per cpu, 2 threads per core) family 6 model 154 stepping 4 microcode 0x437, cx8, cmov, fxsr, ht, mmx, 3dnowpref, sse, sse2, sse3, ssse3, sse4.1, sse4.2, popcnt, lzcnt, tsc, tscinvbit, avx, avx2, aes, erms, clmul, bmi1, bmi2, adx, sha, fma, vzeroupper, clflush, clflushopt, clwb, hv, serialize, rdtscp, rdpid, fsrm, f16c, cet_ibt, cet_ss
Processor Information for the first 12 processors :
  Max Mhz: 1300, Current Mhz: 1300, Mhz Limit: 1300

Memory: 4k page, system-wide physical 16016M (2841M free)
TotalPageFile size 18440M (AvailPageFile size 195M)
current process WorkingSet (physical memory assigned to process): 26M, peak: 26M
current process commit charge ("private bytes"): 195M, peak: 196M

vm_info: OpenJDK 64-Bit Server VM (21.0.8+9-LTS) for windows-amd64 JRE (21.0.8+9-LTS), built on 2025-07-15T00:00:00Z by "admin" with MS VC++ 17.7 (VS2022)

END.
